#
# There is insufficient memory for the Java Runtime Environment to continue.
# Native memory allocation (mmap) failed to map 266338304 bytes for G1 virtual space
# Possible reasons:
#   The system is out of physical RAM or swap space
#   The process is running with CompressedOops enabled, and the Java Heap may be blocking the growth of the native heap
# Possible solutions:
#   Reduce memory load on the system
#   Increase physical memory or swap space
#   Check if swap backing store is full
#   Decrease Java heap size (-Xmx/-Xms)
#   Decrease number of Java threads
#   Decrease Java thread stack sizes (-Xss)
#   Set larger code cache with -XX:ReservedCodeCacheSize=
#   JVM is running with Zero Based Compressed Oops mode in which the Java heap is
#     placed in the first 32GB address space. The Java Heap base address is the
#     maximum limit for the native heap growth. Please use -XX:HeapBaseMinAddress
#     to set the Java Heap base and to place the Java Heap above 32GB virtual address.
# This output file may be truncated or incomplete.
#
#  Out of Memory Error (os_windows.cpp:3535), pid=36216, tid=33484
#
# JRE version:  (17.0.3.1+2) (build )
# Java VM: Java HotSpot(TM) 64-Bit Server VM (17.0.3.1+2-LTS-6, mixed mode, sharing, tiered, compressed oops, compressed class ptrs, g1 gc, windows-amd64)
# No core dump will be written. Minidumps are not enabled by default on client versions of Windows
#

---------------  S U M M A R Y ------------

Command Line: -Dfile.encoding=UTF-8 -XX:+ShowCodeDetailsInExceptionMessages com.LRG.LrgbApplication

Host: 12th Gen Intel(R) Core(TM) i3-12100, 8 cores, 15G,  Windows 11 , 64 bit Build 22621 (10.0.22621.1778)
Time: Thu Sep 14 10:08:31 2023 Bangladesh Standard Time elapsed time: 0.014544 seconds (0d 0h 0m 0s)

---------------  T H R E A D  ---------------

Current thread (0x0000016a607c6af0):  JavaThread "Unknown thread" [_thread_in_vm, id=33484, stack(0x0000000624d00000,0x0000000624e00000)]

Stack: [0x0000000624d00000,0x0000000624e00000]
Native frames: (J=compiled Java code, j=interpreted, Vv=VM code, C=native code)
V  [jvm.dll+0x6711ba]
V  [jvm.dll+0x7d0834]
V  [jvm.dll+0x7d1fde]
V  [jvm.dll+0x7d2643]
V  [jvm.dll+0x242c85]
V  [jvm.dll+0x66e0d9]
V  [jvm.dll+0x662a22]
V  [jvm.dll+0x300ddb]
V  [jvm.dll+0x308376]
V  [jvm.dll+0x357f7e]
V  [jvm.dll+0x3581af]
V  [jvm.dll+0x2d7ff8]
V  [jvm.dll+0x2d8f64]
V  [jvm.dll+0x7a2411]
V  [jvm.dll+0x365d01]
V  [jvm.dll+0x78187c]
V  [jvm.dll+0x3e873f]
V  [jvm.dll+0x3ea1e1]
C  [jli.dll+0x527b]
C  [ucrtbase.dll+0x29363]
C  [KERNEL32.DLL+0x126ad]
C  [ntdll.dll+0x5a9f8]


---------------  P R O C E S S  ---------------

Threads class SMR info:
_java_thread_list=0x00007ffcb1f19858, length=0, elements={
}

Java Threads: ( => current thread )

Other Threads:
  0x0000016a60830bb0 GCTaskThread "GC Thread#0" [stack: 0x0000000624e00000,0x0000000624f00000] [id=18316]
  0x0000016a60842080 ConcurrentGCThread "G1 Main Marker" [stack: 0x0000000624f00000,0x0000000625000000] [id=17792]
  0x0000016a60842a90 ConcurrentGCThread "G1 Conc#0" [stack: 0x0000000625000000,0x0000000625100000] [id=11368]

[error occurred during error reporting (printing all threads), id 0xc0000005, EXCEPTION_ACCESS_VIOLATION (0xc0000005) at pc=0x00007ffcb17689e7]

VM state: not at safepoint (not fully initialized)

VM Mutex/Monitor currently owned by a thread:  ([mutex/lock_event])
[0x0000016a607c4340] Heap_lock - owner thread: 0x0000016a607c6af0

Heap address: 0x0000000703600000, size: 4042 MB, Compressed Oops mode: Zero based, Oop shift amount: 3

CDS archive(s) mapped at: [0x0000000000000000-0x0000000000000000-0x0000000000000000), size 0, SharedBaseAddress: 0x0000000800000000, ArchiveRelocationMode: 0.
Narrow klass base: 0x0000000000000000, Narrow klass shift: 0, Narrow klass range: 0x0

GC Precious Log:
<Empty>

Heap:
 garbage-first heap   total 0K, used 0K [0x0000000703600000, 0x0000000800000000)
  region size 2048K, 0 young (0K), 0 survivors (0K)

[error occurred during error reporting (printing heap information), id 0xc0000005, EXCEPTION_ACCESS_VIOLATION (0xc0000005) at pc=0x00007ffcb1b4a629]

GC Heap History (0 events):
No events

Deoptimization events (0 events):
No events

Classes unloaded (0 events):
No events

Classes redefined (0 events):
No events

Internal exceptions (0 events):
No events

VM Operations (0 events):
No events

Events (1 events):
Event: 0.007 Loaded shared library C:\Program Files\Java\jdk-17.0.3.1\bin\java.dll


Dynamic libraries:
0x00007ff61dce0000 - 0x00007ff61dcf0000 	C:\Program Files\Java\jdk-17.0.3.1\bin\javaw.exe
0x00007ffd58a50000 - 0x00007ffd58c64000 	C:\WINDOWS\SYSTEM32\ntdll.dll
0x00007ffd57b90000 - 0x00007ffd57c52000 	C:\WINDOWS\System32\KERNEL32.DLL
0x00007ffd56010000 - 0x00007ffd563b3000 	C:\WINDOWS\System32\KERNELBASE.dll
0x00007ffd55e50000 - 0x00007ffd55f61000 	C:\WINDOWS\System32\ucrtbase.dll
0x00007ffd13ff0000 - 0x00007ffd14008000 	C:\Program Files\Java\jdk-17.0.3.1\bin\jli.dll
0x00007ffd17c90000 - 0x00007ffd17caa000 	C:\Program Files\Java\jdk-17.0.3.1\bin\VCRUNTIME140.dll
0x00007ffd57cf0000 - 0x00007ffd57d9e000 	C:\WINDOWS\System32\ADVAPI32.dll
0x00007ffd58590000 - 0x00007ffd58637000 	C:\WINDOWS\System32\msvcrt.dll
0x00007ffd584e0000 - 0x00007ffd58584000 	C:\WINDOWS\System32\sechost.dll
0x00007ffd570a0000 - 0x00007ffd571b7000 	C:\WINDOWS\System32\RPCRT4.dll
0x00007ffd57810000 - 0x00007ffd579bb000 	C:\WINDOWS\System32\USER32.dll
0x00007ffd56610000 - 0x00007ffd56636000 	C:\WINDOWS\System32\win32u.dll
0x00007ffd322d0000 - 0x00007ffd3255e000 	C:\WINDOWS\WinSxS\amd64_microsoft.windows.common-controls_6595b64144ccf1df_6.0.22621.1635_none_270f70857386168e\COMCTL32.dll
0x00007ffd57b10000 - 0x00007ffd57b39000 	C:\WINDOWS\System32\GDI32.dll
0x00007ffd564f0000 - 0x00007ffd56609000 	C:\WINDOWS\System32\gdi32full.dll
0x00007ffd55f70000 - 0x00007ffd5600a000 	C:\WINDOWS\System32\msvcp_win.dll
0x00007ffd4fc40000 - 0x00007ffd4fc4a000 	C:\WINDOWS\SYSTEM32\VERSION.dll
0x00007ffd58640000 - 0x00007ffd58671000 	C:\WINDOWS\System32\IMM32.DLL
0x00007ffd16ef0000 - 0x00007ffd16efc000 	C:\Program Files\Java\jdk-17.0.3.1\bin\vcruntime140_1.dll
0x00007ffcb3270000 - 0x00007ffcb32fd000 	C:\Program Files\Java\jdk-17.0.3.1\bin\msvcp140.dll
0x00007ffcb1480000 - 0x00007ffcb2040000 	C:\Program Files\Java\jdk-17.0.3.1\bin\server\jvm.dll
0x00007ffd57dc0000 - 0x00007ffd57dc8000 	C:\WINDOWS\System32\PSAPI.DLL
0x00007ffd480c0000 - 0x00007ffd480c9000 	C:\WINDOWS\SYSTEM32\WSOCK32.dll
0x00007ffd4ce90000 - 0x00007ffd4cec4000 	C:\WINDOWS\SYSTEM32\WINMM.dll
0x00007ffd57a30000 - 0x00007ffd57aa1000 	C:\WINDOWS\System32\WS2_32.dll
0x00007ffd54f90000 - 0x00007ffd54fa8000 	C:\WINDOWS\SYSTEM32\kernel.appcore.dll
0x00007ffd14590000 - 0x00007ffd1459a000 	C:\Program Files\Java\jdk-17.0.3.1\bin\jimage.dll
0x00007ffd50f60000 - 0x00007ffd5118e000 	C:\WINDOWS\SYSTEM32\DBGHELP.DLL
0x00007ffd58680000 - 0x00007ffd58a09000 	C:\WINDOWS\System32\combase.dll
0x00007ffd57600000 - 0x00007ffd576d7000 	C:\WINDOWS\System32\OLEAUT32.dll
0x00007ffd50ee0000 - 0x00007ffd50f12000 	C:\WINDOWS\SYSTEM32\dbgcore.DLL
0x00007ffd567b0000 - 0x00007ffd5682b000 	C:\WINDOWS\System32\bcryptPrimitives.dll
0x00007ffd13210000 - 0x00007ffd13235000 	C:\Program Files\Java\jdk-17.0.3.1\bin\java.dll

dbghelp: loaded successfully - version: 4.0.5 - missing functions: none
symbol engine: initialized successfully - sym options: 0x614 - pdb path: .;C:\Program Files\Java\jdk-17.0.3.1\bin;C:\WINDOWS\SYSTEM32;C:\WINDOWS\WinSxS\amd64_microsoft.windows.common-controls_6595b64144ccf1df_6.0.22621.1635_none_270f70857386168e;C:\Program Files\Java\jdk-17.0.3.1\bin\server

VM Arguments:
jvm_args: -Dfile.encoding=UTF-8 -XX:+ShowCodeDetailsInExceptionMessages 
java_command: com.LRG.LrgbApplication
java_class_path (initial): E:\StageWorkspace\Analyzer\LRGBAnalyzerAPI\target\classes;E:\StageWorkspace\Analyzer\LRGBAnalyzerAPI\src\activation-1.1.jar;E:\StageWorkspace\Analyzer\LRGBAnalyzerAPI\src\commons-codec-1.13.jar;E:\StageWorkspace\Analyzer\LRGBAnalyzerAPI\src\commons-collections4-4.4.jar;E:\StageWorkspace\Analyzer\LRGBAnalyzerAPI\src\commons-compress-1.19.jar;E:\StageWorkspace\Analyzer\LRGBAnalyzerAPI\src\mail-1.4.1.jar;E:\StageWorkspace\Analyzer\LRGBAnalyzerAPI\src\mysql-connector-java-8.0.20.jar;E:\StageWorkspace\Analyzer\LRGBAnalyzerAPI\src\org.apache.commons.io.jar;E:\StageWorkspace\Analyzer\LRGBAnalyzerAPI\src\poi-4.1.2.jar;E:\StageWorkspace\Analyzer\LRGBAnalyzerAPI\src\poi-ooxml-4.1.2.jar;E:\StageWorkspace\Analyzer\LRGBAnalyzerAPI\src\poi-ooxml-schemas-4.1.2.jar;E:\StageWorkspace\Analyzer\LRGBAnalyzerAPI\src\simple-java-mail-1.8.jar;E:\StageWorkspace\Analyzer\LRGBAnalyzerAPI\src\slf4j-api-1.6.1.jar;E:\StageWorkspace\Analyzer\LRGBAnalyzerAPI\src\xmlbeans-3.1.0.jar;C:\Users\USER\.m2\repository\org\springframework\boot\spring-boot-starter-data-jpa\2.6.3\spring-boot-starter-data-jpa-2.6.3.jar;C:\Users\USER\.m2\repository\org\springframework\boot\spring-boot-starter-aop\2.6.3\spring-boot-starter-aop-2.6.3.jar;C:\Users\USER\.m2\repository\org\springframework\spring-aop\5.3.15\spring-aop-5.3.15.jar;C:\Users\USER\.m2\repository\org\aspectj\aspectjweaver\1.9.7\aspectjweaver-1.9.7.jar;C:\Users\USER\.m2\repository\org\springframework\boot\spring-boot-starter-jdbc\2.6.3\spring-boot-starter-jdbc-2.6.3.jar;C:\Users\USER\.m2\repository\com\zaxxer\HikariCP\4.0.3\HikariCP-4.0.3.jar;C:\Users\USER\.m2\repository\org\springframework\spring-jdbc\5.3.15\spring-jdbc-5.3.15.jar;C:\Users\USER\.m2\repository\jakarta\transaction\jakarta.transaction-api\1.3.3\jakarta.transaction-api-1.3.3.jar;C:\Users\USER\.m2\repository\jakarta\persistence\jakarta.persistence-api\2.2.3\jakarta.persistence-api-2.2.3.jar;C:\Users\USER\.m2\repository\org\hibernate\hibernate-core\5.6.4.Final\hiber
Launcher Type: SUN_STANDARD

[Global flags]
     intx CICompilerCount                          = 4                                         {product} {ergonomic}
     uint ConcGCThreads                            = 2                                         {product} {ergonomic}
     uint G1ConcRefinementThreads                  = 8                                         {product} {ergonomic}
   size_t G1HeapRegionSize                         = 2097152                                   {product} {ergonomic}
    uintx GCDrainStackTargetSize                   = 64                                        {product} {ergonomic}
   size_t InitialHeapSize                          = 266338304                                 {product} {ergonomic}
   size_t MarkStackSize                            = 4194304                                   {product} {ergonomic}
   size_t MaxHeapSize                              = 4238344192                                {product} {ergonomic}
   size_t MinHeapDeltaBytes                        = 2097152                                   {product} {ergonomic}
   size_t MinHeapSize                              = 8388608                                   {product} {ergonomic}
    uintx NonNMethodCodeHeapSize                   = 5839372                                {pd product} {ergonomic}
    uintx NonProfiledCodeHeapSize                  = 122909434                              {pd product} {ergonomic}
    uintx ProfiledCodeHeapSize                     = 122909434                              {pd product} {ergonomic}
    uintx ReservedCodeCacheSize                    = 251658240                              {pd product} {ergonomic}
     bool SegmentedCodeCache                       = true                                      {product} {ergonomic}
     bool ShowCodeDetailsInExceptionMessages       = true                                   {manageable} {command line}
   size_t SoftMaxHeapSize                          = 4238344192                             {manageable} {ergonomic}
     bool UseCompressedClassPointers               = true                           {product lp64_product} {ergonomic}
     bool UseCompressedOops                        = true                           {product lp64_product} {ergonomic}
     bool UseG1GC                                  = true                                      {product} {ergonomic}
     bool UseLargePagesIndividualAllocation        = false                                  {pd product} {ergonomic}

Logging:
Log output configuration:
 #0: stdout all=warning uptime,level,tags
 #1: stderr all=off uptime,level,tags

Environment Variables:
JAVA_HOME=C:\Program Files\Java\jdk-17.0.3.1
PATH=E:\app\Mubasser\product\11.2.0\dbhome_1\bin;C:\app\Mubasser\product\21c\dbhomeXE\bin;C:\Program Files\Common Files\Oracle\Java\javapath;C:\WINDOWS\system32;C:\WINDOWS;C:\WINDOWS\System32\Wbem;C:\WINDOWS\System32\WindowsPowerShell\v1.0\;C:\WINDOWS\System32\OpenSSH\;C:\Program Files\PuTTY\;C:\Program Files\MySQL\MySQL Server 8.0\bin;C:\Program Files\Git\cmd;C:\Program Files\TortoiseSVN\bin;C:\Program Files\Java\jdk-17.0.3.1\bin;C:\Users\USER\AppData\Local\Programs\Python\Python310\Scripts\;C:\Users\USER\AppData\Local\Programs\Python\Python310\;C:\Program Files\MySQL\MySQL Shell 8.0\bin\;C:\Users\USER\AppData\Local\Microsoft\WindowsApps;C:\Users\USER\AppData\Local\GitHubDesktop\bin;C:\Program Files\JetBrains\PyCharm Community Edition 2022.1.3\bin;;C:\Users\USER\AppData\Local\Programs\Microsoft VS Code\bin;
USERNAME=Mubasser
OS=Windows_NT
PROCESSOR_IDENTIFIER=Intel64 Family 6 Model 151 Stepping 5, GenuineIntel



---------------  S Y S T E M  ---------------

OS:
 Windows 11 , 64 bit Build 22621 (10.0.22621.1778)
OS uptime: 50 days 0:19 hours

CPU: total 8 (initial active 8) (4 cores per cpu, 2 threads per core) family 6 model 151 stepping 5 microcode 0x15, cx8, cmov, fxsr, ht, mmx, 3dnowpref, sse, sse2, sse3, ssse3, sse4.1, sse4.2, popcnt, lzcnt, tsc, tscinvbit, avx, avx2, aes, erms, clmul, bmi1, bmi2, adx, sha, fma, vzeroupper, clflush, clflushopt, clwb

Memory: 4k page, system-wide physical 16161M (385M free)
TotalPageFile size 31333M (AvailPageFile size 75M)
current process WorkingSet (physical memory assigned to process): 11M, peak: 11M
current process commit charge ("private bytes"): 60M, peak: 314M

vm_info: Java HotSpot(TM) 64-Bit Server VM (17.0.3.1+2-LTS-6) for windows-amd64 JRE (17.0.3.1+2-LTS-6), built on Apr 25 2022 22:04:21 by "mach5one" with MS VC++ 16.8 / 16.9 (VS2019)

END.
